
 
记录时间：2020-04-07 14:22:06,563 
线程ID:[1] 
日志级别： INFO  描述：SuperMarketModel.SelesPersonSModelInfo

 
记录时间：2020-04-07 14:22:12,428 
线程ID:[1] 
日志级别： INFO  描述：9Info

 
记录时间：2020-04-07 14:22:12,455 
线程ID:[1] 
日志级别： INFO  描述：接收关闭结果Info

 
记录时间：2020-04-07 19:19:49,686 
线程ID:[1] 
日志级别： INFO  描述：SuperMarketModel.SelesPersonSModelInfo

 
记录时间：2020-04-07 19:19:57,706 
线程ID:[1] 
日志级别： INFO  描述：10Info

 
记录时间：2020-04-07 19:19:57,763 
线程ID:[1] 
日志级别： INFO  描述：接收关闭结果Info

 
记录时间：2020-04-07 19:21:02,746 
线程ID:[1] 
日志级别： INFO  描述：SuperMarketModel.SelesPersonSModelInfo

 
记录时间：2020-04-07 19:21:07,737 
线程ID:[1] 
日志级别： INFO  描述：11Info

 
记录时间：2020-04-07 19:21:07,814 
线程ID:[1] 
日志级别： INFO  描述：接收关闭结果Info

 
记录时间：2020-04-07 19:21:40,783 
线程ID:[1] 
日志级别： INFO  描述：SuperMarketModel.SelesPersonSModelInfo

 
记录时间：2020-04-07 19:21:44,725 
线程ID:[1] 
日志级别： INFO  描述：12Info

 
记录时间：2020-04-07 19:21:44,769 
线程ID:[1] 
日志级别： INFO  描述：接收关闭结果Info

 
记录时间：2020-04-07 19:22:30,451 
线程ID:[1] 
日志级别： INFO  描述：SuperMarketModel.SelesPersonSModelInfo

 
记录时间：2020-04-07 19:22:39,481 
线程ID:[1] 
日志级别： INFO  描述：13Info

 
记录时间：2020-04-07 19:22:39,576 
线程ID:[1] 
日志级别： INFO  描述：接收关闭结果Info

 
记录时间：2020-04-07 19:27:05,726 
线程ID:[1] 
日志级别： INFO  描述：SuperMarketModel.SelesPersonSModelInfo

 
记录时间：2020-04-07 19:27:13,773 
线程ID:[1] 
日志级别： INFO  描述：14Info

 
记录时间：2020-04-07 19:27:13,829 
线程ID:[1] 
日志级别： INFO  描述：接收关闭结果Info

 
记录时间：2020-04-07 20:44:19,760 
线程ID:[1] 
日志级别： INFO  描述：SuperMarketModel.SelesPersonSModelInfo

 
记录时间：2020-04-07 20:46:52,752 
线程ID:[1] 
日志级别： INFO  描述：SuperMarketModel.SelesPersonSModelInfo

 
记录时间：2020-04-07 20:49:19,185 
线程ID:[1] 
日志级别： INFO  描述：SuperMarketModel.SelesPersonSModelInfo

 
记录时间：2020-04-07 22:59:27,491 
线程ID:[1] 
日志级别： INFO  描述：SuperMarketModel.SelesPersonSModelInfo

 
记录时间：2020-04-07 23:01:56,308 
线程ID:[1] 
日志级别： INFO  描述：SuperMarketModel.SelesPersonSModelInfo

 
记录时间：2020-04-07 23:04:15,583 
线程ID:[1] 
日志级别： INFO  描述：SuperMarketModel.SelesPersonSModelInfo

 
记录时间：2020-04-07 23:07:41,490 
线程ID:[1] 
日志级别： INFO  描述：20Info

 
记录时间：2020-04-07 23:08:23,410 
线程ID:[1] 
日志级别： INFO  描述：SuperMarketModel.SelesPersonSModelInfo

 
记录时间：2020-04-07 23:11:57,482 
线程ID:[1] 
日志级别： INFO  描述：SuperMarketModel.SelesPersonSModelInfo

 
记录时间：2020-04-07 23:18:03,002 
线程ID:[1] 
日志级别： INFO  描述：SuperMarketModel.SelesPersonSModelInfo

 
记录时间：2020-04-07 23:19:25,014 
线程ID:[1] 
日志级别： INFO  描述：SuperMarketModel.SelesPersonSModelInfo

 
记录时间：2020-04-07 23:20:15,709 
线程ID:[1] 
日志级别： INFO  描述：SuperMarketModel.SelesPersonSModelInfo

 
记录时间：2020-04-07 23:21:11,976 
线程ID:[1] 
日志级别： INFO  描述：SuperMarketModel.SelesPersonSModelInfo

 
记录时间：2020-04-07 23:21:37,833 
线程ID:[1] 
日志级别： INFO  描述：SuperMarketModel.SelesPersonSModelInfo

 
记录时间：2020-04-07 23:21:58,802 
线程ID:[1] 
日志级别： INFO  描述：SuperMarketModel.SelesPersonSModelInfo
