-------------------------------------------------------------------------------------
时间: [21:39:34]  
线程ID:【1】
日志级别:【DEBUG】
日志对象:【RollingLogFileAppender】
日志消息: 【账号[10001]开始登录】 
-------------------------------------------------------------------------------------
时间: [21:39:34]  
线程ID:【1】
日志级别:【DEBUG】
日志对象:【RollingLogFileAppender】
日志消息: 【[10001]登录成功！】 
-------------------------------------------------------------------------------------
时间: [21:40:15]  
线程ID:【1】
日志级别:【DEBUG】
日志对象:【RollingLogFileAppender】
日志消息: 【账号[10001]开始登录】 
-------------------------------------------------------------------------------------
时间: [21:40:15]  
线程ID:【1】
日志级别:【DEBUG】
日志对象:【RollingLogFileAppender】
日志消息: 【[10001]登录成功！】 
-------------------------------------------------------------------------------------
时间: [21:40:25]  
线程ID:【1】
日志级别:【DEBUG】
日志对象:【RollingLogFileAppender】
日志消息: 【[10001]退出程序！】 
-------------------------------------------------------------------------------------
时间: [21:46:34]  
线程ID:【1】
日志级别:【DEBUG】
日志对象:【RollingLogFileAppender】
日志消息: 【账号[10001]开始登录】 
-------------------------------------------------------------------------------------
时间: [21:46:34]  
线程ID:【1】
日志级别:【DEBUG】
日志对象:【RollingLogFileAppender】
日志消息: 【[10001]登录成功！】 
-------------------------------------------------------------------------------------
时间: [21:47:34]  
线程ID:【1】
日志级别:【DEBUG】
日志对象:【RollingLogFileAppender】
日志消息: 【账号[10001]开始登录】 
-------------------------------------------------------------------------------------
时间: [21:47:34]  
线程ID:【1】
日志级别:【DEBUG】
日志对象:【RollingLogFileAppender】
日志消息: 【[10001]登录成功！】 
-------------------------------------------------------------------------------------
时间: [21:52:34]  
线程ID:【1】
日志级别:【DEBUG】
日志对象:【RollingLogFileAppender】
日志消息: 【账号[10001]开始登录】 
-------------------------------------------------------------------------------------
时间: [21:52:34]  
线程ID:【1】
日志级别:【DEBUG】
日志对象:【RollingLogFileAppender】
日志消息: 【[10001]登录成功！】 
-------------------------------------------------------------------------------------
时间: [21:53:52]  
线程ID:【1】
日志级别:【DEBUG】
日志对象:【RollingLogFileAppender】
日志消息: 【账号[10001]开始登录】 
-------------------------------------------------------------------------------------
时间: [21:53:52]  
线程ID:【1】
日志级别:【DEBUG】
日志对象:【RollingLogFileAppender】
日志消息: 【[10001]登录成功！】 
-------------------------------------------------------------------------------------
时间: [21:54:11]  
线程ID:【1】
日志级别:【DEBUG】
日志对象:【RollingLogFileAppender】
日志消息: 【[10001]退出程序！】 
